<?xml version="1.0" encoding="UTF-8"?>
<!-- Generated by org.testng.reporters.JUnitXMLReporter -->
<testsuite ignored="0" hostname="QQSPLEKLTP0162" failures="0" tests="3" name="Submit Order" time="24.717" errors="0" timestamp="2023-04-04T22:27:22 IST">
  <testcase classname="QapitolQA.Submitorder" name="submitOrder" time="3.539"/>
  <testcase classname="QapitolQA.Submitorder" name="submitOrder" time="3.312"/>
  <testcase classname="QapitolQA.Submitorder" name="OrderHistoryTest" time="0.616"/>
</testsuite> <!-- Submit Order -->
