<?xml version="1.0" encoding="UTF-8"?>
<!-- Generated by org.testng.reporters.JUnitXMLReporter -->
<testsuite ignored="2" hostname="QQSPLEKLTP0162" failures="0" tests="0" time="0.012" errors="0" timestamp="2023-04-04T13:34:30 IST">
  <testcase classname="QapitolQA.errorvalidationtest" name="loginErrorValidation" time="0.0">
    <ignored/>
  </testcase> <!-- loginErrorValidation -->
  <testcase classname="QapitolQA.errorvalidationtest" name="productErrorValidation" time="0.0">
    <ignored/>
  </testcase> <!-- productErrorValidation -->
</testsuite>
