<?xml version="1.0" encoding="UTF-8"?>
<!-- Generated by org.testng.reporters.JUnitXMLReporter -->
<testsuite ignored="1" hostname="QQSPLEKLTP0162" failures="0" tests="2" name="Submit Order" time="18.257" errors="0" timestamp="2023-04-04T13:34:48 IST">
  <testcase classname="QapitolQA.Submitorder" name="submitOrder" time="3.419"/>
  <testcase classname="QapitolQA.Submitorder" name="submitOrder" time="3.203"/>
  <testcase classname="QapitolQA.Submitorder" name="OrderHistoryTest" time="0.0">
    <ignored/>
  </testcase> <!-- OrderHistoryTest -->
</testsuite> <!-- Submit Order -->
