<?xml version="1.0" encoding="UTF-8"?>
<!-- Generated by org.testng.reporters.JUnitXMLReporter -->
<testsuite ignored="2" hostname="QQSPLEKLTP0162" failures="0" tests="0" time="0.01" errors="0" timestamp="2023-04-04T18:27:48 IST">
  <testcase classname="QapitolQA.Submitorder" name="submitOrder" time="0.0">
    <ignored/>
  </testcase> <!-- submitOrder -->
  <testcase classname="QapitolQA.Submitorder" name="OrderHistoryTest" time="0.0">
    <ignored/>
  </testcase> <!-- OrderHistoryTest -->
</testsuite>
